app/build/intermediates/manifest_merge_blame_file/debug/manifest-merger-blame-debug-report.txt
1<?xml version="1.0" encoding="utf-8"?>
2<manifest xmlns:android="http://schemas.android.com/apk/res/android"
3    package="com.example.organizer"
4    android:versionCode="1"
5    android:versionName="1.0" >
6
7    <uses-sdk
8        android:minSdkVersion="24"
8-->src\main\AndroidManifest.xml
9        android:targetSdkVersion="30" />
9-->src\main\AndroidManifest.xml
10
11    <!-- Permisos deben estar aquí, antes de <application> -->
12    <uses-permission android:name="android.permission.READ_CONTACTS" />
12-->src\main\AndroidManifest.xml:6:5-72
12-->src\main\AndroidManifest.xml:6:22-69
13    <uses-permission android:name="android.permission.INTERNET" />
13-->src\main\AndroidManifest.xml:7:5-67
13-->src\main\AndroidManifest.xml:7:22-64
14    <uses-permission android:name="android.permission.ACCESS_NETWORK_STATE" />
14-->src\main\AndroidManifest.xml:8:5-79
14-->src\main\AndroidManifest.xml:8:22-76
15    <uses-permission android:name="android.permission.ACCESS_FINE_LOCATION" />
15-->src\main\AndroidManifest.xml:9:5-79
15-->src\main\AndroidManifest.xml:9:22-76
16    <uses-permission
16-->src\main\AndroidManifest.xml:10:5-11:38
17        android:name="android.permission.WRITE_EXTERNAL_STORAGE"
17-->src\main\AndroidManifest.xml:10:22-78
18        android:maxSdkVersion="28" />
18-->src\main\AndroidManifest.xml:11:9-35
19    <uses-permission
19-->src\main\AndroidManifest.xml:12:5-13:38
20        android:name="android.permission.READ_EXTERNAL_STORAGE"
20-->src\main\AndroidManifest.xml:12:22-77
21        android:maxSdkVersion="32" />
21-->src\main\AndroidManifest.xml:13:9-35
22    <uses-permission android:name="android.permission.POST_NOTIFICATIONS" />
22-->src\main\AndroidManifest.xml:14:5-77
22-->src\main\AndroidManifest.xml:14:22-74
23    <uses-permission android:name="android.permission.CALL_PHONE" />
23-->src\main\AndroidManifest.xml:15:5-69
23-->src\main\AndroidManifest.xml:15:22-66
24    <uses-permission android:name="android.permission.READ_CONTACTS" />
24-->src\main\AndroidManifest.xml:6:5-72
24-->src\main\AndroidManifest.xml:6:22-69
25    <uses-permission android:name="android.permission.ACCESS_COARSE_LOCATION" />
25-->src\main\AndroidManifest.xml:17:5-81
25-->src\main\AndroidManifest.xml:17:22-78
26
27    <uses-feature
27-->[com.google.android.gms:play-services-maps:18.1.0] AndroidManifest.xml:26:5-28:35
28        android:glEsVersion="0x00020000"
28-->[com.google.android.gms:play-services-maps:18.1.0] AndroidManifest.xml:27:9-41
29        android:required="true" />
29-->[com.google.android.gms:play-services-maps:18.1.0] AndroidManifest.xml:28:9-32
30
31    <queries>
31-->[com.google.android.gms:play-services-maps:18.1.0] AndroidManifest.xml:30:5-34:15
32
33        <!-- Needs to be explicitly declared on Android R+ -->
34        <package android:name="com.google.android.apps.maps" />
34-->[com.google.android.gms:play-services-maps:18.1.0] AndroidManifest.xml:33:9-64
34-->[com.google.android.gms:play-services-maps:18.1.0] AndroidManifest.xml:33:18-61
35    </queries>
36
37    <permission
37-->[androidx.core:core:1.9.0] AndroidManifest.xml:22:5-24:47
38        android:name="com.example.organizer.DYNAMIC_RECEIVER_NOT_EXPORTED_PERMISSION"
38-->[androidx.core:core:1.9.0] AndroidManifest.xml:23:9-81
39        android:protectionLevel="signature" />
39-->[androidx.core:core:1.9.0] AndroidManifest.xml:24:9-44
40
41    <uses-permission android:name="com.example.organizer.DYNAMIC_RECEIVER_NOT_EXPORTED_PERMISSION" />
41-->[androidx.core:core:1.9.0] AndroidManifest.xml:26:5-97
41-->[androidx.core:core:1.9.0] AndroidManifest.xml:26:22-94
42
43    <application
43-->src\main\AndroidManifest.xml:19:5-67:19
44        android:allowBackup="true"
44-->src\main\AndroidManifest.xml:21:9-35
45        android:appComponentFactory="androidx.core.app.CoreComponentFactory"
45-->[androidx.core:core:1.9.0] AndroidManifest.xml:28:18-86
46        android:debuggable="true"
47        android:extractNativeLibs="false"
48        android:icon="@mipmap/ic_launcher"
48-->src\main\AndroidManifest.xml:22:9-43
49        android:label="@string/app_name"
49-->src\main\AndroidManifest.xml:23:9-41
50        android:roundIcon="@mipmap/ic_launcher_round"
50-->src\main\AndroidManifest.xml:24:9-54
51        android:supportsRtl="true"
51-->src\main\AndroidManifest.xml:25:9-35
52        android:testOnly="true"
53        android:theme="@style/Theme.Organizer" >
53-->src\main\AndroidManifest.xml:26:9-47
54        <activity android:name="com.example.organizer.MainActivity" >
54-->src\main\AndroidManifest.xml:27:9-32:20
54-->src\main\AndroidManifest.xml:27:19-47
55            <intent-filter>
55-->src\main\AndroidManifest.xml:28:13-31:29
56                <action android:name="android.intent.action.MAIN" />
56-->src\main\AndroidManifest.xml:29:17-69
56-->src\main\AndroidManifest.xml:29:25-66
57
58                <category android:name="android.intent.category.LAUNCHER" />
58-->src\main\AndroidManifest.xml:30:17-77
58-->src\main\AndroidManifest.xml:30:27-74
59            </intent-filter>
60        </activity>
61        <activity android:name="com.example.organizer.ActivitiesActivity" />
61-->src\main\AndroidManifest.xml:33:9-56
61-->src\main\AndroidManifest.xml:33:19-53
62        <activity android:name="com.example.organizer.ChatActivity" />
62-->src\main\AndroidManifest.xml:34:9-50
62-->src\main\AndroidManifest.xml:34:19-47
63        <activity
63-->src\main\AndroidManifest.xml:36:9-43:20
64            android:name="com.example.organizer.ui.MainActivity"
64-->src\main\AndroidManifest.xml:37:13-44
65            android:exported="true" >
65-->src\main\AndroidManifest.xml:38:13-36
66            <intent-filter>
66-->src\main\AndroidManifest.xml:28:13-31:29
67                <action android:name="android.intent.action.MAIN" />
67-->src\main\AndroidManifest.xml:29:17-69
67-->src\main\AndroidManifest.xml:29:25-66
68
69                <category android:name="android.intent.category.LAUNCHER" />
69-->src\main\AndroidManifest.xml:30:17-77
69-->src\main\AndroidManifest.xml:30:27-74
70            </intent-filter>
71        </activity>
72
73        <meta-data
73-->src\main\AndroidManifest.xml:45:9-47:70
74            android:name="com.google.android.geo.API_KEY"
74-->src\main\AndroidManifest.xml:46:13-58
75            android:value="AIzaSyDxSCysA9I_FyYYBsUXs0rRPmySqBjZfX8" />
75-->src\main\AndroidManifest.xml:47:13-68
76        <meta-data
76-->src\main\AndroidManifest.xml:45:9-47:70
77            android:name="com.google.android.geo.API_KEY"
77-->src\main\AndroidManifest.xml:46:13-58
78            android:value="AIzaSyDxSCysA9I_FyYYBsUXs0rRPmySqBjZfX8" />
78-->src\main\AndroidManifest.xml:47:13-68
79
80        <activity
80-->src\main\AndroidManifest.xml:52:9-54:70
81            android:name="com.example.organizer.utils.MapPickerActivity"
81-->src\main\AndroidManifest.xml:53:13-52
82            android:theme="@style/Theme.MaterialComponents.Dialog" />
82-->src\main\AndroidManifest.xml:54:13-67
83        <activity android:name="com.example.organizer.ActivitiesActivity" />
83-->src\main\AndroidManifest.xml:33:9-56
83-->src\main\AndroidManifest.xml:33:19-53
84        <activity android:name="com.example.organizer.ChatActivity" />
84-->src\main\AndroidManifest.xml:34:9-50
84-->src\main\AndroidManifest.xml:34:19-47
85        <activity android:name="com.example.organizer.AgendaActivity" />
85-->src\main\AndroidManifest.xml:57:9-52
85-->src\main\AndroidManifest.xml:57:19-49
86        <activity android:name="com.example.organizer.RecordatorioActivity" />
86-->src\main\AndroidManifest.xml:58:9-58
86-->src\main\AndroidManifest.xml:58:19-55
87        <activity android:name="com.example.organizer.UbicacionActivity" />
87-->src\main\AndroidManifest.xml:59:9-55
87-->src\main\AndroidManifest.xml:59:19-52
88        <activity android:name="com.example.organizer.TelefonoActivity" />
88-->src\main\AndroidManifest.xml:60:9-54
88-->src\main\AndroidManifest.xml:60:19-51
89        <activity
89-->src\main\AndroidManifest.xml:61:9-63:49
90            android:name="com.example.organizer.ui.consult.ConsultActivity"
90-->src\main\AndroidManifest.xml:62:13-55
91            android:label="Consultar Eventos" />
91-->src\main\AndroidManifest.xml:63:13-46
92
93        <!-- Receiver para notificaciones -->
94        <receiver android:name="com.example.organizer.receiver.EventNotificationReceiver" />
94-->src\main\AndroidManifest.xml:66:9-72
94-->src\main\AndroidManifest.xml:66:19-69
95
96        <activity
96-->[com.google.android.gms:play-services-auth:21.0.0] AndroidManifest.xml:23:9-27:75
97            android:name="com.google.android.gms.auth.api.signin.internal.SignInHubActivity"
97-->[com.google.android.gms:play-services-auth:21.0.0] AndroidManifest.xml:24:13-93
98            android:excludeFromRecents="true"
98-->[com.google.android.gms:play-services-auth:21.0.0] AndroidManifest.xml:25:13-46
99            android:exported="false"
99-->[com.google.android.gms:play-services-auth:21.0.0] AndroidManifest.xml:26:13-37
100            android:theme="@android:style/Theme.Translucent.NoTitleBar" />
100-->[com.google.android.gms:play-services-auth:21.0.0] AndroidManifest.xml:27:13-72
101        <!--
102            Service handling Google Sign-In user revocation. For apps that do not integrate with
103            Google Sign-In, this service will never be started.
104        -->
105        <service
105-->[com.google.android.gms:play-services-auth:21.0.0] AndroidManifest.xml:33:9-37:51
106            android:name="com.google.android.gms.auth.api.signin.RevocationBoundService"
106-->[com.google.android.gms:play-services-auth:21.0.0] AndroidManifest.xml:34:13-89
107            android:exported="true"
107-->[com.google.android.gms:play-services-auth:21.0.0] AndroidManifest.xml:35:13-36
108            android:permission="com.google.android.gms.auth.api.signin.permission.REVOCATION_NOTIFICATION"
108-->[com.google.android.gms:play-services-auth:21.0.0] AndroidManifest.xml:36:13-107
109            android:visibleToInstantApps="true" /> <!-- Needs to be explicitly declared on P+ -->
109-->[com.google.android.gms:play-services-auth:21.0.0] AndroidManifest.xml:37:13-48
110        <uses-library
110-->[com.google.android.gms:play-services-maps:18.1.0] AndroidManifest.xml:39:9-41:40
111            android:name="org.apache.http.legacy"
111-->[com.google.android.gms:play-services-maps:18.1.0] AndroidManifest.xml:40:13-50
112            android:required="false" />
112-->[com.google.android.gms:play-services-maps:18.1.0] AndroidManifest.xml:41:13-37
113
114        <activity
114-->[com.google.android.gms:play-services-base:18.1.0] AndroidManifest.xml:20:9-22:45
115            android:name="com.google.android.gms.common.api.GoogleApiActivity"
115-->[com.google.android.gms:play-services-base:18.1.0] AndroidManifest.xml:20:19-85
116            android:exported="false"
116-->[com.google.android.gms:play-services-base:18.1.0] AndroidManifest.xml:22:19-43
117            android:theme="@android:style/Theme.Translucent.NoTitleBar" />
117-->[com.google.android.gms:play-services-base:18.1.0] AndroidManifest.xml:21:19-78
118
119        <meta-data
119-->[com.google.android.gms:play-services-basement:18.2.0] AndroidManifest.xml:21:9-23:69
120            android:name="com.google.android.gms.version"
120-->[com.google.android.gms:play-services-basement:18.2.0] AndroidManifest.xml:22:13-58
121            android:value="@integer/google_play_services_version" />
121-->[com.google.android.gms:play-services-basement:18.2.0] AndroidManifest.xml:23:13-66
122
123        <provider
123-->[androidx.emoji2:emoji2:1.2.0] AndroidManifest.xml:24:9-32:20
124            android:name="androidx.startup.InitializationProvider"
124-->[androidx.emoji2:emoji2:1.2.0] AndroidManifest.xml:25:13-67
125            android:authorities="com.example.organizer.androidx-startup"
125-->[androidx.emoji2:emoji2:1.2.0] AndroidManifest.xml:26:13-68
126            android:exported="false" >
126-->[androidx.emoji2:emoji2:1.2.0] AndroidManifest.xml:27:13-37
127            <meta-data
127-->[androidx.emoji2:emoji2:1.2.0] AndroidManifest.xml:29:13-31:52
128                android:name="androidx.emoji2.text.EmojiCompatInitializer"
128-->[androidx.emoji2:emoji2:1.2.0] AndroidManifest.xml:30:17-75
129                android:value="androidx.startup" />
129-->[androidx.emoji2:emoji2:1.2.0] AndroidManifest.xml:31:17-49
130            <meta-data
130-->[androidx.lifecycle:lifecycle-process:2.6.1] AndroidManifest.xml:29:13-31:52
131                android:name="androidx.lifecycle.ProcessLifecycleInitializer"
131-->[androidx.lifecycle:lifecycle-process:2.6.1] AndroidManifest.xml:30:17-78
132                android:value="androidx.startup" />
132-->[androidx.lifecycle:lifecycle-process:2.6.1] AndroidManifest.xml:31:17-49
133            <meta-data
133-->[androidx.profileinstaller:profileinstaller:1.3.0] AndroidManifest.xml:29:13-31:52
134                android:name="androidx.profileinstaller.ProfileInstallerInitializer"
134-->[androidx.profileinstaller:profileinstaller:1.3.0] AndroidManifest.xml:30:17-85
135                android:value="androidx.startup" />
135-->[androidx.profileinstaller:profileinstaller:1.3.0] AndroidManifest.xml:31:17-49
136        </provider>
137
138        <receiver
138-->[androidx.profileinstaller:profileinstaller:1.3.0] AndroidManifest.xml:34:9-52:20
139            android:name="androidx.profileinstaller.ProfileInstallReceiver"
139-->[androidx.profileinstaller:profileinstaller:1.3.0] AndroidManifest.xml:35:13-76
140            android:directBootAware="false"
140-->[androidx.profileinstaller:profileinstaller:1.3.0] AndroidManifest.xml:36:13-44
141            android:enabled="true"
141-->[androidx.profileinstaller:profileinstaller:1.3.0] AndroidManifest.xml:37:13-35
142            android:exported="true"
142-->[androidx.profileinstaller:profileinstaller:1.3.0] AndroidManifest.xml:38:13-36
143            android:permission="android.permission.DUMP" >
143-->[androidx.profileinstaller:profileinstaller:1.3.0] AndroidManifest.xml:39:13-57
144            <intent-filter>
144-->[androidx.profileinstaller:profileinstaller:1.3.0] AndroidManifest.xml:40:13-42:29
145                <action android:name="androidx.profileinstaller.action.INSTALL_PROFILE" />
145-->[androidx.profileinstaller:profileinstaller:1.3.0] AndroidManifest.xml:41:17-91
145-->[androidx.profileinstaller:profileinstaller:1.3.0] AndroidManifest.xml:41:25-88
146            </intent-filter>
147            <intent-filter>
147-->[androidx.profileinstaller:profileinstaller:1.3.0] AndroidManifest.xml:43:13-45:29
148                <action android:name="androidx.profileinstaller.action.SKIP_FILE" />
148-->[androidx.profileinstaller:profileinstaller:1.3.0] AndroidManifest.xml:44:17-85
148-->[androidx.profileinstaller:profileinstaller:1.3.0] AndroidManifest.xml:44:25-82
149            </intent-filter>
150            <intent-filter>
150-->[androidx.profileinstaller:profileinstaller:1.3.0] AndroidManifest.xml:46:13-48:29
151                <action android:name="androidx.profileinstaller.action.SAVE_PROFILE" />
151-->[androidx.profileinstaller:profileinstaller:1.3.0] AndroidManifest.xml:47:17-88
151-->[androidx.profileinstaller:profileinstaller:1.3.0] AndroidManifest.xml:47:25-85
152            </intent-filter>
153            <intent-filter>
153-->[androidx.profileinstaller:profileinstaller:1.3.0] AndroidManifest.xml:49:13-51:29
154                <action android:name="androidx.profileinstaller.action.BENCHMARK_OPERATION" />
154-->[androidx.profileinstaller:profileinstaller:1.3.0] AndroidManifest.xml:50:17-95
154-->[androidx.profileinstaller:profileinstaller:1.3.0] AndroidManifest.xml:50:25-92
155            </intent-filter>
156        </receiver>
157    </application>
158
159</manifest>